ERROR - 2025-06-09 06:15:31 --> Error connecting to the database: mysqli_sql_exception: No connection could be made because the target machine actively refused it in C:\xampp\htdocs\Pobadora_login\system\Database\MySQLi\Connection.php:201
Stack trace:
#0 C:\xampp\htdocs\Pobadora_login\system\Database\MySQLi\Connection.php(201): mysqli->real_connect('localhost', 'root', Object(SensitiveParameterValue), 'pobadora', 3306, '', 0)
#1 C:\xampp\htdocs\Pobadora_login\system\Database\BaseConnection.php(421): CodeIgniter\Database\MySQLi\Connection->connect(false)
#2 C:\xampp\htdocs\Pobadora_login\system\Database\BaseConnection.php(620): CodeIgniter\Database\BaseConnection->initialize()
#3 C:\xampp\htdocs\Pobadora_login\system\Database\BaseBuilder.php(1649): CodeIgniter\Database\BaseConnection->query('SELECT 1\nFROM `...', Array, false)
#4 C:\xampp\htdocs\Pobadora_login\system\Validation\Rules.php(175): CodeIgniter\Database\BaseBuilder->get()
#5 C:\xampp\htdocs\Pobadora_login\system\Validation\StrictRules\Rules.php(187): CodeIgniter\Validation\Rules->is_unique('KYO-CODE', 'users.username', Array)
#6 C:\xampp\htdocs\Pobadora_login\system\Validation\Validation.php(337): CodeIgniter\Validation\StrictRules\Rules->is_unique('KYO-CODE', 'users.username', Array, NULL, 'username')
#7 C:\xampp\htdocs\Pobadora_login\system\Validation\Validation.php(202): CodeIgniter\Validation\Validation->processRules('username', 'username', 'KYO-CODE', Array, Array, 'username')
#8 C:\xampp\htdocs\Pobadora_login\system\Controller.php(138): CodeIgniter\Validation\Validation->run()
#9 C:\xampp\htdocs\Pobadora_login\app\Controllers\AuthController.php(29): CodeIgniter\Controller->validate(Array)
#10 C:\xampp\htdocs\Pobadora_login\system\CodeIgniter.php(933): App\Controllers\AuthController->store()
#11 C:\xampp\htdocs\Pobadora_login\system\CodeIgniter.php(507): CodeIgniter\CodeIgniter->runController(Object(App\Controllers\AuthController))
#12 C:\xampp\htdocs\Pobadora_login\system\CodeIgniter.php(354): CodeIgniter\CodeIgniter->handleRequest(NULL, Object(Config\Cache), false)
#13 C:\xampp\htdocs\Pobadora_login\system\Boot.php(334): CodeIgniter\CodeIgniter->run()
#14 C:\xampp\htdocs\Pobadora_login\system\Boot.php(67): CodeIgniter\Boot::runCodeIgniter(Object(CodeIgniter\CodeIgniter))
#15 C:\xampp\htdocs\Pobadora_login\public\index.php(56): CodeIgniter\Boot::bootWeb(Object(Config\Paths))
#16 C:\xampp\htdocs\Pobadora_login\system\rewrite.php(44): require_once('C:\\xampp\\htdocs...')
#17 {main}

Next CodeIgniter\Database\Exceptions\DatabaseException: No connection could be made because the target machine actively refused it in C:\xampp\htdocs\Pobadora_login\system\Database\MySQLi\Connection.php:246
Stack trace:
#0 C:\xampp\htdocs\Pobadora_login\system\Database\BaseConnection.php(421): CodeIgniter\Database\MySQLi\Connection->connect(false)
#1 C:\xampp\htdocs\Pobadora_login\system\Database\BaseConnection.php(620): CodeIgniter\Database\BaseConnection->initialize()
#2 C:\xampp\htdocs\Pobadora_login\system\Database\BaseBuilder.php(1649): CodeIgniter\Database\BaseConnection->query('SELECT 1\nFROM `...', Array, false)
#3 C:\xampp\htdocs\Pobadora_login\system\Validation\Rules.php(175): CodeIgniter\Database\BaseBuilder->get()
#4 C:\xampp\htdocs\Pobadora_login\system\Validation\StrictRules\Rules.php(187): CodeIgniter\Validation\Rules->is_unique('KYO-CODE', 'users.username', Array)
#5 C:\xampp\htdocs\Pobadora_login\system\Validation\Validation.php(337): CodeIgniter\Validation\StrictRules\Rules->is_unique('KYO-CODE', 'users.username', Array, NULL, 'username')
#6 C:\xampp\htdocs\Pobadora_login\system\Validation\Validation.php(202): CodeIgniter\Validation\Validation->processRules('username', 'username', 'KYO-CODE', Array, Array, 'username')
#7 C:\xampp\htdocs\Pobadora_login\system\Controller.php(138): CodeIgniter\Validation\Validation->run()
#8 C:\xampp\htdocs\Pobadora_login\app\Controllers\AuthController.php(29): CodeIgniter\Controller->validate(Array)
#9 C:\xampp\htdocs\Pobadora_login\system\CodeIgniter.php(933): App\Controllers\AuthController->store()
#10 C:\xampp\htdocs\Pobadora_login\system\CodeIgniter.php(507): CodeIgniter\CodeIgniter->runController(Object(App\Controllers\AuthController))
#11 C:\xampp\htdocs\Pobadora_login\system\CodeIgniter.php(354): CodeIgniter\CodeIgniter->handleRequest(NULL, Object(Config\Cache), false)
#12 C:\xampp\htdocs\Pobadora_login\system\Boot.php(334): CodeIgniter\CodeIgniter->run()
#13 C:\xampp\htdocs\Pobadora_login\system\Boot.php(67): CodeIgniter\Boot::runCodeIgniter(Object(CodeIgniter\CodeIgniter))
#14 C:\xampp\htdocs\Pobadora_login\public\index.php(56): CodeIgniter\Boot::bootWeb(Object(Config\Paths))
#15 C:\xampp\htdocs\Pobadora_login\system\rewrite.php(44): require_once('C:\\xampp\\htdocs...')
#16 {main}
CRITICAL - 2025-06-09 06:15:31 --> CodeIgniter\Database\Exceptions\DatabaseException: Unable to connect to the database.
Main connection [MySQLi]: No connection could be made because the target machine actively refused it
[Method: POST, Route: register]
in SYSTEMPATH\Database\BaseConnection.php on line 467.
 1 SYSTEMPATH\Database\BaseConnection.php(620): CodeIgniter\Database\BaseConnection->initialize()
 2 SYSTEMPATH\Database\BaseBuilder.php(1649): CodeIgniter\Database\BaseConnection->query('SELECT 1
FROM `users`
WHERE `username` = :username:
 LIMIT 1', [...], false)
 3 SYSTEMPATH\Validation\Rules.php(175): CodeIgniter\Database\BaseBuilder->get()
 4 SYSTEMPATH\Validation\StrictRules\Rules.php(187): CodeIgniter\Validation\Rules->is_unique('KYO-CODE', 'users.username', [...])
 5 SYSTEMPATH\Validation\Validation.php(337): CodeIgniter\Validation\StrictRules\Rules->is_unique('KYO-CODE', 'users.username', [...], null, 'username')
 6 SYSTEMPATH\Validation\Validation.php(202): CodeIgniter\Validation\Validation->processRules('username', 'username', 'KYO-CODE', [...], [...], 'username')
 7 SYSTEMPATH\Controller.php(138): CodeIgniter\Validation\Validation->run()
 8 APPPATH\Controllers\AuthController.php(29): CodeIgniter\Controller->validate([...])
 9 SYSTEMPATH\CodeIgniter.php(933): App\Controllers\AuthController->store()
10 SYSTEMPATH\CodeIgniter.php(507): CodeIgniter\CodeIgniter->runController(Object(App\Controllers\AuthController))
11 SYSTEMPATH\CodeIgniter.php(354): CodeIgniter\CodeIgniter->handleRequest(null, Object(Config\Cache), false)
12 SYSTEMPATH\Boot.php(334): CodeIgniter\CodeIgniter->run()
13 SYSTEMPATH\Boot.php(67): CodeIgniter\Boot::runCodeIgniter(Object(CodeIgniter\CodeIgniter))
14 FCPATH\index.php(56): CodeIgniter\Boot::bootWeb(Object(Config\Paths))
15 SYSTEMPATH\rewrite.php(44): require_once('C:\\xampp\\htdocs\\Pobadora_login\\public\\index.php')
DEBUG - 2025-06-09 06:15:48 --> Session: Class initialized using 'CodeIgniter\Session\Handlers\FileHandler' driver.
DEBUG - 2025-06-09 06:16:06 --> Session: Class initialized using 'CodeIgniter\Session\Handlers\FileHandler' driver.
