CRITICAL - 2025-03-13 17:25:50 --> CodeIgniter\View\Exceptions\ViewException: Invalid file: "welcome_message.php"
[Method: GET, Route: /]
in SYSTEMPATH\Exceptions\FrameworkException.php on line 39.
 1 SYSTEMPATH\View\View.php(212): CodeIgniter\Exceptions\FrameworkException::forInvalidFile('welcome_message.php')
 2 SYSTEMPATH\Common.php(1173): CodeIgniter\View\View->render('welcome_message', [], true)
 3 APPPATH\Controllers\Home.php(9): view('welcome_message')
 4 SYSTEMPATH\CodeIgniter.php(933): App\Controllers\Home->index()
 5 SYSTEMPATH\CodeIgniter.php(507): CodeIgniter\CodeIgniter->runController(Object(App\Controllers\Home))
 6 SYSTEMPATH\CodeIgniter.php(354): CodeIgniter\CodeIgniter->handleRequest(null, Object(Config\Cache), false)
 7 SYSTEMPATH\Boot.php(334): CodeIgniter\CodeIgniter->run()
 8 SYSTEMPATH\Boot.php(67): CodeIgniter\Boot::runCodeIgniter(Object(CodeIgniter\CodeIgniter))
 9 FCPATH\index.php(56): CodeIgniter\Boot::bootWeb(Object(Config\Paths))
10 SYSTEMPATH\rewrite.php(44): require_once('C:\\Users\\katas\\Downloads\\codeigniter4-framework-v4.6.0-0-g96a1e60\\Bayani-Midterm\\public\\index.php')
CRITICAL - 2025-03-13 17:26:56 --> Error: Undefined constant "vendor"
[Method: GET, Route: /]
in APPPATH\Views\Register.php on line 15.
 1 SYSTEMPATH\View\View.php(224): include()
 2 SYSTEMPATH\View\View.php(227): CodeIgniter\View\View->CodeIgniter\View\{closure}()
 3 SYSTEMPATH\Common.php(1173): CodeIgniter\View\View->render('Register', [], true)
 4 APPPATH\Controllers\Home.php(9): view('Register')
 5 SYSTEMPATH\CodeIgniter.php(933): App\Controllers\Home->index()
 6 SYSTEMPATH\CodeIgniter.php(507): CodeIgniter\CodeIgniter->runController(Object(App\Controllers\Home))
 7 SYSTEMPATH\CodeIgniter.php(354): CodeIgniter\CodeIgniter->handleRequest(null, Object(Config\Cache), false)
 8 SYSTEMPATH\Boot.php(334): CodeIgniter\CodeIgniter->run()
 9 SYSTEMPATH\Boot.php(67): CodeIgniter\Boot::runCodeIgniter(Object(CodeIgniter\CodeIgniter))
10 FCPATH\index.php(56): CodeIgniter\Boot::bootWeb(Object(Config\Paths))
11 SYSTEMPATH\rewrite.php(44): require_once('C:\\Users\\katas\\Downloads\\codeigniter4-framework-v4.6.0-0-g96a1e60\\Bayani-Midterm\\public\\index.php')
CRITICAL - 2025-03-13 17:26:56 --> Error: Undefined constant "vendor"
[Method: GET, Route: /]
in APPPATH\Views\Register.php on line 15.
 1 SYSTEMPATH\View\View.php(224): include()
 2 SYSTEMPATH\View\View.php(227): CodeIgniter\View\View->CodeIgniter\View\{closure}()
 3 SYSTEMPATH\Common.php(1173): CodeIgniter\View\View->render('Register', [], true)
 4 APPPATH\Controllers\Home.php(9): view('Register')
 5 SYSTEMPATH\CodeIgniter.php(933): App\Controllers\Home->index()
 6 SYSTEMPATH\CodeIgniter.php(507): CodeIgniter\CodeIgniter->runController(Object(App\Controllers\Home))
 7 SYSTEMPATH\CodeIgniter.php(354): CodeIgniter\CodeIgniter->handleRequest(null, Object(Config\Cache), false)
 8 SYSTEMPATH\Boot.php(334): CodeIgniter\CodeIgniter->run()
 9 SYSTEMPATH\Boot.php(67): CodeIgniter\Boot::runCodeIgniter(Object(CodeIgniter\CodeIgniter))
10 FCPATH\index.php(56): CodeIgniter\Boot::bootWeb(Object(Config\Paths))
11 SYSTEMPATH\rewrite.php(44): require_once('C:\\Users\\katas\\Downloads\\codeigniter4-framework-v4.6.0-0-g96a1e60\\Bayani-Midterm\\public\\index.php')
CRITICAL - 2025-03-13 17:26:56 --> Error: Undefined constant "vendor"
[Method: GET, Route: /]
in APPPATH\Views\Register.php on line 15.
 1 SYSTEMPATH\View\View.php(224): include()
 2 SYSTEMPATH\View\View.php(227): CodeIgniter\View\View->CodeIgniter\View\{closure}()
 3 SYSTEMPATH\Common.php(1173): CodeIgniter\View\View->render('Register', [], true)
 4 APPPATH\Controllers\Home.php(9): view('Register')
 5 SYSTEMPATH\CodeIgniter.php(933): App\Controllers\Home->index()
 6 SYSTEMPATH\CodeIgniter.php(507): CodeIgniter\CodeIgniter->runController(Object(App\Controllers\Home))
 7 SYSTEMPATH\CodeIgniter.php(354): CodeIgniter\CodeIgniter->handleRequest(null, Object(Config\Cache), false)
 8 SYSTEMPATH\Boot.php(334): CodeIgniter\CodeIgniter->run()
 9 SYSTEMPATH\Boot.php(67): CodeIgniter\Boot::runCodeIgniter(Object(CodeIgniter\CodeIgniter))
10 FCPATH\index.php(56): CodeIgniter\Boot::bootWeb(Object(Config\Paths))
11 SYSTEMPATH\rewrite.php(44): require_once('C:\\Users\\katas\\Downloads\\codeigniter4-framework-v4.6.0-0-g96a1e60\\Bayani-Midterm\\public\\index.php')
CRITICAL - 2025-03-13 17:26:57 --> Error: Undefined constant "vendor"
[Method: GET, Route: /]
in APPPATH\Views\Register.php on line 15.
 1 SYSTEMPATH\View\View.php(224): include()
 2 SYSTEMPATH\View\View.php(227): CodeIgniter\View\View->CodeIgniter\View\{closure}()
 3 SYSTEMPATH\Common.php(1173): CodeIgniter\View\View->render('Register', [], true)
 4 APPPATH\Controllers\Home.php(9): view('Register')
 5 SYSTEMPATH\CodeIgniter.php(933): App\Controllers\Home->index()
 6 SYSTEMPATH\CodeIgniter.php(507): CodeIgniter\CodeIgniter->runController(Object(App\Controllers\Home))
 7 SYSTEMPATH\CodeIgniter.php(354): CodeIgniter\CodeIgniter->handleRequest(null, Object(Config\Cache), false)
 8 SYSTEMPATH\Boot.php(334): CodeIgniter\CodeIgniter->run()
 9 SYSTEMPATH\Boot.php(67): CodeIgniter\Boot::runCodeIgniter(Object(CodeIgniter\CodeIgniter))
10 FCPATH\index.php(56): CodeIgniter\Boot::bootWeb(Object(Config\Paths))
11 SYSTEMPATH\rewrite.php(44): require_once('C:\\Users\\katas\\Downloads\\codeigniter4-framework-v4.6.0-0-g96a1e60\\Bayani-Midterm\\public\\index.php')
CRITICAL - 2025-03-13 17:26:57 --> Error: Undefined constant "vendor"
[Method: GET, Route: /]
in APPPATH\Views\Register.php on line 15.
 1 SYSTEMPATH\View\View.php(224): include()
 2 SYSTEMPATH\View\View.php(227): CodeIgniter\View\View->CodeIgniter\View\{closure}()
 3 SYSTEMPATH\Common.php(1173): CodeIgniter\View\View->render('Register', [], true)
 4 APPPATH\Controllers\Home.php(9): view('Register')
 5 SYSTEMPATH\CodeIgniter.php(933): App\Controllers\Home->index()
 6 SYSTEMPATH\CodeIgniter.php(507): CodeIgniter\CodeIgniter->runController(Object(App\Controllers\Home))
 7 SYSTEMPATH\CodeIgniter.php(354): CodeIgniter\CodeIgniter->handleRequest(null, Object(Config\Cache), false)
 8 SYSTEMPATH\Boot.php(334): CodeIgniter\CodeIgniter->run()
 9 SYSTEMPATH\Boot.php(67): CodeIgniter\Boot::runCodeIgniter(Object(CodeIgniter\CodeIgniter))
10 FCPATH\index.php(56): CodeIgniter\Boot::bootWeb(Object(Config\Paths))
11 SYSTEMPATH\rewrite.php(44): require_once('C:\\Users\\katas\\Downloads\\codeigniter4-framework-v4.6.0-0-g96a1e60\\Bayani-Midterm\\public\\index.php')
ERROR - 2025-03-13 18:35:39 --> Error connecting to the database: mysqli_sql_exception: Access denied for user 'root'@'localhost' (using password: YES) in C:\Users\katas\Downloads\codeigniter4-framework-v4.6.0-0-g96a1e60\Bayani-Midterm\system\Database\MySQLi\Connection.php:201
Stack trace:
#0 C:\Users\katas\Downloads\codeigniter4-framework-v4.6.0-0-g96a1e60\Bayani-Midterm\system\Database\MySQLi\Connection.php(201): mysqli->real_connect('localhost', 'root', Object(SensitiveParameterValue), 'bayaniii', 3306, '', 0)
#1 C:\Users\katas\Downloads\codeigniter4-framework-v4.6.0-0-g96a1e60\Bayani-Midterm\system\Database\BaseConnection.php(421): CodeIgniter\Database\MySQLi\Connection->connect(false)
#2 C:\Users\katas\Downloads\codeigniter4-framework-v4.6.0-0-g96a1e60\Bayani-Midterm\system\Database\BaseConnection.php(620): CodeIgniter\Database\BaseConnection->initialize()
#3 C:\Users\katas\Downloads\codeigniter4-framework-v4.6.0-0-g96a1e60\Bayani-Midterm\system\Database\BaseConnection.php(1525): CodeIgniter\Database\BaseConnection->query('SHOW TABLES FRO...')
#4 C:\Users\katas\Downloads\codeigniter4-framework-v4.6.0-0-g96a1e60\Bayani-Midterm\system\Database\BaseConnection.php(1545): CodeIgniter\Database\BaseConnection->listTables()
#5 C:\Users\katas\Downloads\codeigniter4-framework-v4.6.0-0-g96a1e60\Bayani-Midterm\system\Database\MigrationRunner.php(758): CodeIgniter\Database\BaseConnection->tableExists('migrations')
#6 C:\Users\katas\Downloads\codeigniter4-framework-v4.6.0-0-g96a1e60\Bayani-Midterm\system\Database\MigrationRunner.php(162): CodeIgniter\Database\MigrationRunner->ensureTable()
#7 C:\Users\katas\Downloads\codeigniter4-framework-v4.6.0-0-g96a1e60\Bayani-Midterm\system\Commands\Database\Migrate.php(85): CodeIgniter\Database\MigrationRunner->latest(NULL)
#8 C:\Users\katas\Downloads\codeigniter4-framework-v4.6.0-0-g96a1e60\Bayani-Midterm\system\CLI\Commands.php(70): CodeIgniter\Commands\Database\Migrate->run(Array)
#9 C:\Users\katas\Downloads\codeigniter4-framework-v4.6.0-0-g96a1e60\Bayani-Midterm\system\CLI\Console.php(48): CodeIgniter\CLI\Commands->run('migrate', Array)
#10 C:\Users\katas\Downloads\codeigniter4-framework-v4.6.0-0-g96a1e60\Bayani-Midterm\system\Boot.php(360): CodeIgniter\CLI\Console->run()
#11 C:\Users\katas\Downloads\codeigniter4-framework-v4.6.0-0-g96a1e60\Bayani-Midterm\system\Boot.php(104): CodeIgniter\Boot::runCommand(Object(CodeIgniter\CLI\Console))
#12 C:\Users\katas\Downloads\codeigniter4-framework-v4.6.0-0-g96a1e60\Bayani-Midterm\spark(84): CodeIgniter\Boot::bootSpark(Object(Config\Paths))
#13 {main}

Next CodeIgniter\Database\Exceptions\DatabaseException: Access denied for user '****'@'localhost' (using password: YES) in C:\Users\katas\Downloads\codeigniter4-framework-v4.6.0-0-g96a1e60\Bayani-Midterm\system\Database\MySQLi\Connection.php:246
Stack trace:
#0 C:\Users\katas\Downloads\codeigniter4-framework-v4.6.0-0-g96a1e60\Bayani-Midterm\system\Database\BaseConnection.php(421): CodeIgniter\Database\MySQLi\Connection->connect(false)
#1 C:\Users\katas\Downloads\codeigniter4-framework-v4.6.0-0-g96a1e60\Bayani-Midterm\system\Database\BaseConnection.php(620): CodeIgniter\Database\BaseConnection->initialize()
#2 C:\Users\katas\Downloads\codeigniter4-framework-v4.6.0-0-g96a1e60\Bayani-Midterm\system\Database\BaseConnection.php(1525): CodeIgniter\Database\BaseConnection->query('SHOW TABLES FRO...')
#3 C:\Users\katas\Downloads\codeigniter4-framework-v4.6.0-0-g96a1e60\Bayani-Midterm\system\Database\BaseConnection.php(1545): CodeIgniter\Database\BaseConnection->listTables()
#4 C:\Users\katas\Downloads\codeigniter4-framework-v4.6.0-0-g96a1e60\Bayani-Midterm\system\Database\MigrationRunner.php(758): CodeIgniter\Database\BaseConnection->tableExists('migrations')
#5 C:\Users\katas\Downloads\codeigniter4-framework-v4.6.0-0-g96a1e60\Bayani-Midterm\system\Database\MigrationRunner.php(162): CodeIgniter\Database\MigrationRunner->ensureTable()
#6 C:\Users\katas\Downloads\codeigniter4-framework-v4.6.0-0-g96a1e60\Bayani-Midterm\system\Commands\Database\Migrate.php(85): CodeIgniter\Database\MigrationRunner->latest(NULL)
#7 C:\Users\katas\Downloads\codeigniter4-framework-v4.6.0-0-g96a1e60\Bayani-Midterm\system\CLI\Commands.php(70): CodeIgniter\Commands\Database\Migrate->run(Array)
#8 C:\Users\katas\Downloads\codeigniter4-framework-v4.6.0-0-g96a1e60\Bayani-Midterm\system\CLI\Console.php(48): CodeIgniter\CLI\Commands->run('migrate', Array)
#9 C:\Users\katas\Downloads\codeigniter4-framework-v4.6.0-0-g96a1e60\Bayani-Midterm\system\Boot.php(360): CodeIgniter\CLI\Console->run()
#10 C:\Users\katas\Downloads\codeigniter4-framework-v4.6.0-0-g96a1e60\Bayani-Midterm\system\Boot.php(104): CodeIgniter\Boot::runCommand(Object(CodeIgniter\CLI\Console))
#11 C:\Users\katas\Downloads\codeigniter4-framework-v4.6.0-0-g96a1e60\Bayani-Midterm\spark(84): CodeIgniter\Boot::bootSpark(Object(Config\Paths))
#12 {main}
ERROR - 2025-03-13 18:38:25 --> Error connecting to the database: mysqli_sql_exception: Access denied for user 'root'@'localhost' (using password: YES) in C:\Users\katas\Downloads\codeigniter4-framework-v4.6.0-0-g96a1e60\Bayani-Midterm\system\Database\MySQLi\Connection.php:201
Stack trace:
#0 C:\Users\katas\Downloads\codeigniter4-framework-v4.6.0-0-g96a1e60\Bayani-Midterm\system\Database\MySQLi\Connection.php(201): mysqli->real_connect('localhost', 'root', Object(SensitiveParameterValue), 'bayaniii', 3306, '', 0)
#1 C:\Users\katas\Downloads\codeigniter4-framework-v4.6.0-0-g96a1e60\Bayani-Midterm\system\Database\BaseConnection.php(421): CodeIgniter\Database\MySQLi\Connection->connect(false)
#2 C:\Users\katas\Downloads\codeigniter4-framework-v4.6.0-0-g96a1e60\Bayani-Midterm\system\Database\BaseConnection.php(620): CodeIgniter\Database\BaseConnection->initialize()
#3 C:\Users\katas\Downloads\codeigniter4-framework-v4.6.0-0-g96a1e60\Bayani-Midterm\system\Database\BaseConnection.php(1525): CodeIgniter\Database\BaseConnection->query('SHOW TABLES FRO...')
#4 C:\Users\katas\Downloads\codeigniter4-framework-v4.6.0-0-g96a1e60\Bayani-Midterm\system\Database\BaseConnection.php(1545): CodeIgniter\Database\BaseConnection->listTables()
#5 C:\Users\katas\Downloads\codeigniter4-framework-v4.6.0-0-g96a1e60\Bayani-Midterm\system\Database\MigrationRunner.php(758): CodeIgniter\Database\BaseConnection->tableExists('migrations')
#6 C:\Users\katas\Downloads\codeigniter4-framework-v4.6.0-0-g96a1e60\Bayani-Midterm\system\Database\MigrationRunner.php(162): CodeIgniter\Database\MigrationRunner->ensureTable()
#7 C:\Users\katas\Downloads\codeigniter4-framework-v4.6.0-0-g96a1e60\Bayani-Midterm\system\Commands\Database\Migrate.php(85): CodeIgniter\Database\MigrationRunner->latest(NULL)
#8 C:\Users\katas\Downloads\codeigniter4-framework-v4.6.0-0-g96a1e60\Bayani-Midterm\system\CLI\Commands.php(70): CodeIgniter\Commands\Database\Migrate->run(Array)
#9 C:\Users\katas\Downloads\codeigniter4-framework-v4.6.0-0-g96a1e60\Bayani-Midterm\system\CLI\Console.php(48): CodeIgniter\CLI\Commands->run('migrate', Array)
#10 C:\Users\katas\Downloads\codeigniter4-framework-v4.6.0-0-g96a1e60\Bayani-Midterm\system\Boot.php(360): CodeIgniter\CLI\Console->run()
#11 C:\Users\katas\Downloads\codeigniter4-framework-v4.6.0-0-g96a1e60\Bayani-Midterm\system\Boot.php(104): CodeIgniter\Boot::runCommand(Object(CodeIgniter\CLI\Console))
#12 C:\Users\katas\Downloads\codeigniter4-framework-v4.6.0-0-g96a1e60\Bayani-Midterm\spark(84): CodeIgniter\Boot::bootSpark(Object(Config\Paths))
#13 {main}

Next CodeIgniter\Database\Exceptions\DatabaseException: Access denied for user '****'@'localhost' (using password: YES) in C:\Users\katas\Downloads\codeigniter4-framework-v4.6.0-0-g96a1e60\Bayani-Midterm\system\Database\MySQLi\Connection.php:246
Stack trace:
#0 C:\Users\katas\Downloads\codeigniter4-framework-v4.6.0-0-g96a1e60\Bayani-Midterm\system\Database\BaseConnection.php(421): CodeIgniter\Database\MySQLi\Connection->connect(false)
#1 C:\Users\katas\Downloads\codeigniter4-framework-v4.6.0-0-g96a1e60\Bayani-Midterm\system\Database\BaseConnection.php(620): CodeIgniter\Database\BaseConnection->initialize()
#2 C:\Users\katas\Downloads\codeigniter4-framework-v4.6.0-0-g96a1e60\Bayani-Midterm\system\Database\BaseConnection.php(1525): CodeIgniter\Database\BaseConnection->query('SHOW TABLES FRO...')
#3 C:\Users\katas\Downloads\codeigniter4-framework-v4.6.0-0-g96a1e60\Bayani-Midterm\system\Database\BaseConnection.php(1545): CodeIgniter\Database\BaseConnection->listTables()
#4 C:\Users\katas\Downloads\codeigniter4-framework-v4.6.0-0-g96a1e60\Bayani-Midterm\system\Database\MigrationRunner.php(758): CodeIgniter\Database\BaseConnection->tableExists('migrations')
#5 C:\Users\katas\Downloads\codeigniter4-framework-v4.6.0-0-g96a1e60\Bayani-Midterm\system\Database\MigrationRunner.php(162): CodeIgniter\Database\MigrationRunner->ensureTable()
#6 C:\Users\katas\Downloads\codeigniter4-framework-v4.6.0-0-g96a1e60\Bayani-Midterm\system\Commands\Database\Migrate.php(85): CodeIgniter\Database\MigrationRunner->latest(NULL)
#7 C:\Users\katas\Downloads\codeigniter4-framework-v4.6.0-0-g96a1e60\Bayani-Midterm\system\CLI\Commands.php(70): CodeIgniter\Commands\Database\Migrate->run(Array)
#8 C:\Users\katas\Downloads\codeigniter4-framework-v4.6.0-0-g96a1e60\Bayani-Midterm\system\CLI\Console.php(48): CodeIgniter\CLI\Commands->run('migrate', Array)
#9 C:\Users\katas\Downloads\codeigniter4-framework-v4.6.0-0-g96a1e60\Bayani-Midterm\system\Boot.php(360): CodeIgniter\CLI\Console->run()
#10 C:\Users\katas\Downloads\codeigniter4-framework-v4.6.0-0-g96a1e60\Bayani-Midterm\system\Boot.php(104): CodeIgniter\Boot::runCommand(Object(CodeIgniter\CLI\Console))
#11 C:\Users\katas\Downloads\codeigniter4-framework-v4.6.0-0-g96a1e60\Bayani-Midterm\spark(84): CodeIgniter\Boot::bootSpark(Object(Config\Paths))
#12 {main}
CRITICAL - 2025-03-13 18:46:57 --> ArgumentCountError: Too few arguments to function App\Controllers\AuthController::store(), 0 passed in C:\Users\katas\Downloads\codeigniter4-framework-v4.6.0-0-g96a1e60\Bayani-Midterm\system\CodeIgniter.php on line 933 and exactly 1 expected
[Method: POST, Route: register]
in APPPATH\Controllers\AuthController.php on line 18.
 1 SYSTEMPATH\CodeIgniter.php(933): App\Controllers\AuthController->store()
 2 SYSTEMPATH\CodeIgniter.php(507): CodeIgniter\CodeIgniter->runController(Object(App\Controllers\AuthController))
 3 SYSTEMPATH\CodeIgniter.php(354): CodeIgniter\CodeIgniter->handleRequest(null, Object(Config\Cache), false)
 4 SYSTEMPATH\Boot.php(334): CodeIgniter\CodeIgniter->run()
 5 SYSTEMPATH\Boot.php(67): CodeIgniter\Boot::runCodeIgniter(Object(CodeIgniter\CodeIgniter))
 6 FCPATH\index.php(56): CodeIgniter\Boot::bootWeb(Object(Config\Paths))
 7 SYSTEMPATH\rewrite.php(44): require_once('C:\\Users\\katas\\Downloads\\codeigniter4-framework-v4.6.0-0-g96a1e60\\Bayani-Midterm\\public\\index.php')
ERROR - 2025-03-13 18:48:16 --> Error connecting to the database: mysqli_sql_exception: Access denied for user 'root'@'localhost' (using password: YES) in C:\Users\katas\Downloads\codeigniter4-framework-v4.6.0-0-g96a1e60\Bayani-Midterm\system\Database\MySQLi\Connection.php:201
Stack trace:
#0 C:\Users\katas\Downloads\codeigniter4-framework-v4.6.0-0-g96a1e60\Bayani-Midterm\system\Database\MySQLi\Connection.php(201): mysqli->real_connect('localhost', 'root', Object(SensitiveParameterValue), 'bayaniii', 3306, '', 0)
#1 C:\Users\katas\Downloads\codeigniter4-framework-v4.6.0-0-g96a1e60\Bayani-Midterm\system\Database\BaseConnection.php(421): CodeIgniter\Database\MySQLi\Connection->connect(false)
#2 C:\Users\katas\Downloads\codeigniter4-framework-v4.6.0-0-g96a1e60\Bayani-Midterm\system\Database\BaseConnection.php(620): CodeIgniter\Database\BaseConnection->initialize()
#3 C:\Users\katas\Downloads\codeigniter4-framework-v4.6.0-0-g96a1e60\Bayani-Midterm\system\Database\BaseBuilder.php(1649): CodeIgniter\Database\BaseConnection->query('SELECT 1\nFROM `...', Array, false)
#4 C:\Users\katas\Downloads\codeigniter4-framework-v4.6.0-0-g96a1e60\Bayani-Midterm\system\Validation\Rules.php(175): CodeIgniter\Database\BaseBuilder->get()
#5 C:\Users\katas\Downloads\codeigniter4-framework-v4.6.0-0-g96a1e60\Bayani-Midterm\system\Validation\StrictRules\Rules.php(187): CodeIgniter\Validation\Rules->is_unique('testtest@gmail....', 'users.email', Array)
#6 C:\Users\katas\Downloads\codeigniter4-framework-v4.6.0-0-g96a1e60\Bayani-Midterm\system\Validation\Validation.php(337): CodeIgniter\Validation\StrictRules\Rules->is_unique('testtest@gmail....', 'users.email', Array, NULL, 'email')
#7 C:\Users\katas\Downloads\codeigniter4-framework-v4.6.0-0-g96a1e60\Bayani-Midterm\system\Validation\Validation.php(202): CodeIgniter\Validation\Validation->processRules('email', 'email', 'testtest@gmail....', Array, Array, 'email')
#8 C:\Users\katas\Downloads\codeigniter4-framework-v4.6.0-0-g96a1e60\Bayani-Midterm\system\Controller.php(138): CodeIgniter\Validation\Validation->run()
#9 C:\Users\katas\Downloads\codeigniter4-framework-v4.6.0-0-g96a1e60\Bayani-Midterm\app\Controllers\AuthController.php(28): CodeIgniter\Controller->validate(Array)
#10 C:\Users\katas\Downloads\codeigniter4-framework-v4.6.0-0-g96a1e60\Bayani-Midterm\system\CodeIgniter.php(933): App\Controllers\AuthController->store()
#11 C:\Users\katas\Downloads\codeigniter4-framework-v4.6.0-0-g96a1e60\Bayani-Midterm\system\CodeIgniter.php(507): CodeIgniter\CodeIgniter->runController(Object(App\Controllers\AuthController))
#12 C:\Users\katas\Downloads\codeigniter4-framework-v4.6.0-0-g96a1e60\Bayani-Midterm\system\CodeIgniter.php(354): CodeIgniter\CodeIgniter->handleRequest(NULL, Object(Config\Cache), false)
#13 C:\Users\katas\Downloads\codeigniter4-framework-v4.6.0-0-g96a1e60\Bayani-Midterm\system\Boot.php(334): CodeIgniter\CodeIgniter->run()
#14 C:\Users\katas\Downloads\codeigniter4-framework-v4.6.0-0-g96a1e60\Bayani-Midterm\system\Boot.php(67): CodeIgniter\Boot::runCodeIgniter(Object(CodeIgniter\CodeIgniter))
#15 C:\Users\katas\Downloads\codeigniter4-framework-v4.6.0-0-g96a1e60\Bayani-Midterm\public\index.php(56): CodeIgniter\Boot::bootWeb(Object(Config\Paths))
#16 C:\Users\katas\Downloads\codeigniter4-framework-v4.6.0-0-g96a1e60\Bayani-Midterm\system\rewrite.php(44): require_once('C:\\Users\\katas\\...')
#17 {main}

Next CodeIgniter\Database\Exceptions\DatabaseException: Access denied for user '****'@'localhost' (using password: YES) in C:\Users\katas\Downloads\codeigniter4-framework-v4.6.0-0-g96a1e60\Bayani-Midterm\system\Database\MySQLi\Connection.php:246
Stack trace:
#0 C:\Users\katas\Downloads\codeigniter4-framework-v4.6.0-0-g96a1e60\Bayani-Midterm\system\Database\BaseConnection.php(421): CodeIgniter\Database\MySQLi\Connection->connect(false)
#1 C:\Users\katas\Downloads\codeigniter4-framework-v4.6.0-0-g96a1e60\Bayani-Midterm\system\Database\BaseConnection.php(620): CodeIgniter\Database\BaseConnection->initialize()
#2 C:\Users\katas\Downloads\codeigniter4-framework-v4.6.0-0-g96a1e60\Bayani-Midterm\system\Database\BaseBuilder.php(1649): CodeIgniter\Database\BaseConnection->query('SELECT 1\nFROM `...', Array, false)
#3 C:\Users\katas\Downloads\codeigniter4-framework-v4.6.0-0-g96a1e60\Bayani-Midterm\system\Validation\Rules.php(175): CodeIgniter\Database\BaseBuilder->get()
#4 C:\Users\katas\Downloads\codeigniter4-framework-v4.6.0-0-g96a1e60\Bayani-Midterm\system\Validation\StrictRules\Rules.php(187): CodeIgniter\Validation\Rules->is_unique('testtest@gmail....', 'users.email', Array)
#5 C:\Users\katas\Downloads\codeigniter4-framework-v4.6.0-0-g96a1e60\Bayani-Midterm\system\Validation\Validation.php(337): CodeIgniter\Validation\StrictRules\Rules->is_unique('testtest@gmail....', 'users.email', Array, NULL, 'email')
#6 C:\Users\katas\Downloads\codeigniter4-framework-v4.6.0-0-g96a1e60\Bayani-Midterm\system\Validation\Validation.php(202): CodeIgniter\Validation\Validation->processRules('email', 'email', 'testtest@gmail....', Array, Array, 'email')
#7 C:\Users\katas\Downloads\codeigniter4-framework-v4.6.0-0-g96a1e60\Bayani-Midterm\system\Controller.php(138): CodeIgniter\Validation\Validation->run()
#8 C:\Users\katas\Downloads\codeigniter4-framework-v4.6.0-0-g96a1e60\Bayani-Midterm\app\Controllers\AuthController.php(28): CodeIgniter\Controller->validate(Array)
#9 C:\Users\katas\Downloads\codeigniter4-framework-v4.6.0-0-g96a1e60\Bayani-Midterm\system\CodeIgniter.php(933): App\Controllers\AuthController->store()
#10 C:\Users\katas\Downloads\codeigniter4-framework-v4.6.0-0-g96a1e60\Bayani-Midterm\system\CodeIgniter.php(507): CodeIgniter\CodeIgniter->runController(Object(App\Controllers\AuthController))
#11 C:\Users\katas\Downloads\codeigniter4-framework-v4.6.0-0-g96a1e60\Bayani-Midterm\system\CodeIgniter.php(354): CodeIgniter\CodeIgniter->handleRequest(NULL, Object(Config\Cache), false)
#12 C:\Users\katas\Downloads\codeigniter4-framework-v4.6.0-0-g96a1e60\Bayani-Midterm\system\Boot.php(334): CodeIgniter\CodeIgniter->run()
#13 C:\Users\katas\Downloads\codeigniter4-framework-v4.6.0-0-g96a1e60\Bayani-Midterm\system\Boot.php(67): CodeIgniter\Boot::runCodeIgniter(Object(CodeIgniter\CodeIgniter))
#14 C:\Users\katas\Downloads\codeigniter4-framework-v4.6.0-0-g96a1e60\Bayani-Midterm\public\index.php(56): CodeIgniter\Boot::bootWeb(Object(Config\Paths))
#15 C:\Users\katas\Downloads\codeigniter4-framework-v4.6.0-0-g96a1e60\Bayani-Midterm\system\rewrite.php(44): require_once('C:\\Users\\katas\\...')
#16 {main}
CRITICAL - 2025-03-13 18:48:16 --> CodeIgniter\Database\Exceptions\DatabaseException: Unable to connect to the database.
Main connection [MySQLi]: Access denied for user '****'@'localhost' (using password: YES)
[Method: POST, Route: register]
in SYSTEMPATH\Database\BaseConnection.php on line 467.
 1 SYSTEMPATH\Database\BaseConnection.php(620): CodeIgniter\Database\BaseConnection->initialize()
 2 SYSTEMPATH\Database\BaseBuilder.php(1649): CodeIgniter\Database\BaseConnection->query('SELECT 1
FROM `users`
WHERE `email` = :email:
 LIMIT 1', [...], false)
 3 SYSTEMPATH\Validation\Rules.php(175): CodeIgniter\Database\BaseBuilder->get()
 4 SYSTEMPATH\Validation\StrictRules\Rules.php(187): CodeIgniter\Validation\Rules->is_unique('testtest@gmail.com', 'users.email', [...])
 5 SYSTEMPATH\Validation\Validation.php(337): CodeIgniter\Validation\StrictRules\Rules->is_unique('testtest@gmail.com', 'users.email', [...], null, 'email')
 6 SYSTEMPATH\Validation\Validation.php(202): CodeIgniter\Validation\Validation->processRules('email', 'email', 'testtest@gmail.com', [...], [...], 'email')
 7 SYSTEMPATH\Controller.php(138): CodeIgniter\Validation\Validation->run()
 8 APPPATH\Controllers\AuthController.php(28): CodeIgniter\Controller->validate([...])
 9 SYSTEMPATH\CodeIgniter.php(933): App\Controllers\AuthController->store()
10 SYSTEMPATH\CodeIgniter.php(507): CodeIgniter\CodeIgniter->runController(Object(App\Controllers\AuthController))
11 SYSTEMPATH\CodeIgniter.php(354): CodeIgniter\CodeIgniter->handleRequest(null, Object(Config\Cache), false)
12 SYSTEMPATH\Boot.php(334): CodeIgniter\CodeIgniter->run()
13 SYSTEMPATH\Boot.php(67): CodeIgniter\Boot::runCodeIgniter(Object(CodeIgniter\CodeIgniter))
14 FCPATH\index.php(56): CodeIgniter\Boot::bootWeb(Object(Config\Paths))
15 SYSTEMPATH\rewrite.php(44): require_once('C:\\Users\\katas\\Downloads\\codeigniter4-framework-v4.6.0-0-g96a1e60\\Bayani-Midterm\\public\\index.php')
DEBUG - 2025-03-13 18:54:01 --> Session: Class initialized using 'CodeIgniter\Session\Handlers\FileHandler' driver.
DEBUG - 2025-03-13 18:59:57 --> Session: Class initialized using 'CodeIgniter\Session\Handlers\FileHandler' driver.
DEBUG - 2025-03-13 19:00:26 --> Session: Class initialized using 'CodeIgniter\Session\Handlers\FileHandler' driver.
DEBUG - 2025-03-13 19:09:31 --> Session: Class initialized using 'CodeIgniter\Session\Handlers\FileHandler' driver.
DEBUG - 2025-03-13 19:20:22 --> Session: Class initialized using 'CodeIgniter\Session\Handlers\FileHandler' driver.
DEBUG - 2025-03-13 19:26:36 --> Session: Class initialized using 'CodeIgniter\Session\Handlers\FileHandler' driver.
DEBUG - 2025-03-13 19:27:01 --> Session: Class initialized using 'CodeIgniter\Session\Handlers\FileHandler' driver.
DEBUG - 2025-03-13 19:27:47 --> Session: Class initialized using 'CodeIgniter\Session\Handlers\FileHandler' driver.
DEBUG - 2025-03-13 19:28:26 --> Session: Class initialized using 'CodeIgniter\Session\Handlers\FileHandler' driver.
DEBUG - 2025-03-13 19:31:04 --> Session: Class initialized using 'CodeIgniter\Session\Handlers\FileHandler' driver.
DEBUG - 2025-03-13 19:31:19 --> Session: Class initialized using 'CodeIgniter\Session\Handlers\FileHandler' driver.
DEBUG - 2025-03-13 19:31:20 --> Session: Class initialized using 'CodeIgniter\Session\Handlers\FileHandler' driver.
DEBUG - 2025-03-13 19:31:23 --> Session: Class initialized using 'CodeIgniter\Session\Handlers\FileHandler' driver.
