ERROR - 2025-03-27 14:10:50 --> mysqli_sql_exception: Unknown column 'username' in 'where clause' in C:\Users\ExtraPC\Downloads\Bayani-Midterm (1)\Nicle\system\Database\MySQLi\Connection.php:327
Stack trace:
#0 C:\Users\ExtraPC\Downloads\Bayani-Midterm (1)\Nicle\system\Database\MySQLi\Connection.php(327): mysqli->query('SELECT 1\nFROM `...', 0)
#1 C:\Users\ExtraPC\Downloads\Bayani-Midterm (1)\Nicle\system\Database\BaseConnection.php(738): CodeIgniter\Database\MySQLi\Connection->execute('SELECT 1\nFROM `...')
#2 C:\Users\ExtraPC\Downloads\Bayani-Midterm (1)\Nicle\system\Database\BaseConnection.php(652): CodeIgniter\Database\BaseConnection->simpleQuery('SELECT 1\nFROM `...')
#3 C:\Users\ExtraPC\Downloads\Bayani-Midterm (1)\Nicle\system\Database\BaseBuilder.php(1649): CodeIgniter\Database\BaseConnection->query('SELECT 1\nFROM `...', Array, false)
#4 C:\Users\ExtraPC\Downloads\Bayani-Midterm (1)\Nicle\system\Validation\Rules.php(175): CodeIgniter\Database\BaseBuilder->get()
#5 C:\Users\ExtraPC\Downloads\Bayani-Midterm (1)\Nicle\system\Validation\StrictRules\Rules.php(187): CodeIgniter\Validation\Rules->is_unique('JheraldVibar', 'users.username', Array)
#6 C:\Users\ExtraPC\Downloads\Bayani-Midterm (1)\Nicle\system\Validation\Validation.php(337): CodeIgniter\Validation\StrictRules\Rules->is_unique('JheraldVibar', 'users.username', Array, NULL, 'username')
#7 C:\Users\ExtraPC\Downloads\Bayani-Midterm (1)\Nicle\system\Validation\Validation.php(202): CodeIgniter\Validation\Validation->processRules('username', 'username', 'JheraldVibar', Array, Array, 'username')
#8 C:\Users\ExtraPC\Downloads\Bayani-Midterm (1)\Nicle\system\Controller.php(138): CodeIgniter\Validation\Validation->run()
#9 C:\Users\ExtraPC\Downloads\Bayani-Midterm (1)\Nicle\app\Controllers\AuthController.php(29): CodeIgniter\Controller->validate(Array)
#10 C:\Users\ExtraPC\Downloads\Bayani-Midterm (1)\Nicle\system\CodeIgniter.php(933): App\Controllers\AuthController->store()
#11 C:\Users\ExtraPC\Downloads\Bayani-Midterm (1)\Nicle\system\CodeIgniter.php(507): CodeIgniter\CodeIgniter->runController(Object(App\Controllers\AuthController))
#12 C:\Users\ExtraPC\Downloads\Bayani-Midterm (1)\Nicle\system\CodeIgniter.php(354): CodeIgniter\CodeIgniter->handleRequest(NULL, Object(Config\Cache), false)
#13 C:\Users\ExtraPC\Downloads\Bayani-Midterm (1)\Nicle\system\Boot.php(334): CodeIgniter\CodeIgniter->run()
#14 C:\Users\ExtraPC\Downloads\Bayani-Midterm (1)\Nicle\system\Boot.php(67): CodeIgniter\Boot::runCodeIgniter(Object(CodeIgniter\CodeIgniter))
#15 C:\Users\ExtraPC\Downloads\Bayani-Midterm (1)\Nicle\public\index.php(56): CodeIgniter\Boot::bootWeb(Object(Config\Paths))
#16 C:\Users\ExtraPC\Downloads\Bayani-Midterm (1)\Nicle\system\rewrite.php(44): require_once('C:\\Users\\ExtraP...')
#17 {main}
CRITICAL - 2025-03-27 14:10:50 --> CodeIgniter\Database\Exceptions\DatabaseException: Unknown column 'username' in 'where clause'
[Method: POST, Route: register]
in SYSTEMPATH\Database\BaseConnection.php on line 692.
 1 SYSTEMPATH\Database\BaseBuilder.php(1649): CodeIgniter\Database\BaseConnection->query('SELECT 1
FROM `users`
WHERE `username` = :username:
 LIMIT 1', [...], false)
 2 SYSTEMPATH\Validation\Rules.php(175): CodeIgniter\Database\BaseBuilder->get()
 3 SYSTEMPATH\Validation\StrictRules\Rules.php(187): CodeIgniter\Validation\Rules->is_unique('JheraldVibar', 'users.username', [...])
 4 SYSTEMPATH\Validation\Validation.php(337): CodeIgniter\Validation\StrictRules\Rules->is_unique('JheraldVibar', 'users.username', [...], null, 'username')
 5 SYSTEMPATH\Validation\Validation.php(202): CodeIgniter\Validation\Validation->processRules('username', 'username', 'JheraldVibar', [...], [...], 'username')
 6 SYSTEMPATH\Controller.php(138): CodeIgniter\Validation\Validation->run()
 7 APPPATH\Controllers\AuthController.php(29): CodeIgniter\Controller->validate([...])
 8 SYSTEMPATH\CodeIgniter.php(933): App\Controllers\AuthController->store()
 9 SYSTEMPATH\CodeIgniter.php(507): CodeIgniter\CodeIgniter->runController(Object(App\Controllers\AuthController))
10 SYSTEMPATH\CodeIgniter.php(354): CodeIgniter\CodeIgniter->handleRequest(null, Object(Config\Cache), false)
11 SYSTEMPATH\Boot.php(334): CodeIgniter\CodeIgniter->run()
12 SYSTEMPATH\Boot.php(67): CodeIgniter\Boot::runCodeIgniter(Object(CodeIgniter\CodeIgniter))
13 FCPATH\index.php(56): CodeIgniter\Boot::bootWeb(Object(Config\Paths))
14 SYSTEMPATH\rewrite.php(44): require_once('C:\\Users\\ExtraPC\\Downloads\\Bayani-Midterm (1)\\Nicle\\public\\index.php')
CRITICAL - 2025-03-27 14:10:50 --> [Caused by] CodeIgniter\Database\Exceptions\DatabaseException: Unknown column 'username' in 'where clause'
in SYSTEMPATH\Database\MySQLi\Connection.php on line 332.
 1 SYSTEMPATH\Database\BaseConnection.php(738): CodeIgniter\Database\MySQLi\Connection->execute('SELECT 1
FROM `users`
WHERE `username` = \'JheraldVibar\'
 LIMIT 1')
 2 SYSTEMPATH\Database\BaseConnection.php(652): CodeIgniter\Database\BaseConnection->simpleQuery('SELECT 1
FROM `users`
WHERE `username` = \'JheraldVibar\'
 LIMIT 1')
 3 SYSTEMPATH\Database\BaseBuilder.php(1649): CodeIgniter\Database\BaseConnection->query('SELECT 1
FROM `users`
WHERE `username` = :username:
 LIMIT 1', [...], false)
 4 SYSTEMPATH\Validation\Rules.php(175): CodeIgniter\Database\BaseBuilder->get()
 5 SYSTEMPATH\Validation\StrictRules\Rules.php(187): CodeIgniter\Validation\Rules->is_unique('JheraldVibar', 'users.username', [...])
 6 SYSTEMPATH\Validation\Validation.php(337): CodeIgniter\Validation\StrictRules\Rules->is_unique('JheraldVibar', 'users.username', [...], null, 'username')
 7 SYSTEMPATH\Validation\Validation.php(202): CodeIgniter\Validation\Validation->processRules('username', 'username', 'JheraldVibar', [...], [...], 'username')
 8 SYSTEMPATH\Controller.php(138): CodeIgniter\Validation\Validation->run()
 9 APPPATH\Controllers\AuthController.php(29): CodeIgniter\Controller->validate([...])
10 SYSTEMPATH\CodeIgniter.php(933): App\Controllers\AuthController->store()
11 SYSTEMPATH\CodeIgniter.php(507): CodeIgniter\CodeIgniter->runController(Object(App\Controllers\AuthController))
12 SYSTEMPATH\CodeIgniter.php(354): CodeIgniter\CodeIgniter->handleRequest(null, Object(Config\Cache), false)
13 SYSTEMPATH\Boot.php(334): CodeIgniter\CodeIgniter->run()
14 SYSTEMPATH\Boot.php(67): CodeIgniter\Boot::runCodeIgniter(Object(CodeIgniter\CodeIgniter))
15 FCPATH\index.php(56): CodeIgniter\Boot::bootWeb(Object(Config\Paths))
16 SYSTEMPATH\rewrite.php(44): require_once('C:\\Users\\ExtraPC\\Downloads\\Bayani-Midterm (1)\\Nicle\\public\\index.php')
CRITICAL - 2025-03-27 14:10:50 --> [Caused by] mysqli_sql_exception: Unknown column 'username' in 'where clause'
in SYSTEMPATH\Database\MySQLi\Connection.php on line 327.
 1 SYSTEMPATH\Database\MySQLi\Connection.php(327): mysqli->query('SELECT 1
FROM `users`
WHERE `username` = \'JheraldVibar\'
 LIMIT 1', 0)
 2 SYSTEMPATH\Database\BaseConnection.php(738): CodeIgniter\Database\MySQLi\Connection->execute('SELECT 1
FROM `users`
WHERE `username` = \'JheraldVibar\'
 LIMIT 1')
 3 SYSTEMPATH\Database\BaseConnection.php(652): CodeIgniter\Database\BaseConnection->simpleQuery('SELECT 1
FROM `users`
WHERE `username` = \'JheraldVibar\'
 LIMIT 1')
 4 SYSTEMPATH\Database\BaseBuilder.php(1649): CodeIgniter\Database\BaseConnection->query('SELECT 1
FROM `users`
WHERE `username` = :username:
 LIMIT 1', [...], false)
 5 SYSTEMPATH\Validation\Rules.php(175): CodeIgniter\Database\BaseBuilder->get()
 6 SYSTEMPATH\Validation\StrictRules\Rules.php(187): CodeIgniter\Validation\Rules->is_unique('JheraldVibar', 'users.username', [...])
 7 SYSTEMPATH\Validation\Validation.php(337): CodeIgniter\Validation\StrictRules\Rules->is_unique('JheraldVibar', 'users.username', [...], null, 'username')
 8 SYSTEMPATH\Validation\Validation.php(202): CodeIgniter\Validation\Validation->processRules('username', 'username', 'JheraldVibar', [...], [...], 'username')
 9 SYSTEMPATH\Controller.php(138): CodeIgniter\Validation\Validation->run()
10 APPPATH\Controllers\AuthController.php(29): CodeIgniter\Controller->validate([...])
11 SYSTEMPATH\CodeIgniter.php(933): App\Controllers\AuthController->store()
12 SYSTEMPATH\CodeIgniter.php(507): CodeIgniter\CodeIgniter->runController(Object(App\Controllers\AuthController))
13 SYSTEMPATH\CodeIgniter.php(354): CodeIgniter\CodeIgniter->handleRequest(null, Object(Config\Cache), false)
14 SYSTEMPATH\Boot.php(334): CodeIgniter\CodeIgniter->run()
15 SYSTEMPATH\Boot.php(67): CodeIgniter\Boot::runCodeIgniter(Object(CodeIgniter\CodeIgniter))
16 FCPATH\index.php(56): CodeIgniter\Boot::bootWeb(Object(Config\Paths))
17 SYSTEMPATH\rewrite.php(44): require_once('C:\\Users\\ExtraPC\\Downloads\\Bayani-Midterm (1)\\Nicle\\public\\index.php')
DEBUG - 2025-03-27 14:12:19 --> Session: Class initialized using 'CodeIgniter\Session\Handlers\FileHandler' driver.
DEBUG - 2025-03-27 14:12:26 --> Session: Class initialized using 'CodeIgniter\Session\Handlers\FileHandler' driver.
DEBUG - 2025-03-27 14:12:26 --> Session: Class initialized using 'CodeIgniter\Session\Handlers\FileHandler' driver.
ERROR - 2025-03-27 15:01:28 --> Error connecting to the database: mysqli_sql_exception: Unknown database 'my_midterm_ias' in C:\Users\ExtraPC\Downloads\Bayani-Midterm (1)\Nicle - Copy\system\Database\MySQLi\Connection.php:201
Stack trace:
#0 C:\Users\ExtraPC\Downloads\Bayani-Midterm (1)\Nicle - Copy\system\Database\MySQLi\Connection.php(201): mysqli->real_connect('localhost', 'root', Object(SensitiveParameterValue), 'my_midterm_ias', 3306, '', 0)
#1 C:\Users\ExtraPC\Downloads\Bayani-Midterm (1)\Nicle - Copy\system\Database\BaseConnection.php(421): CodeIgniter\Database\MySQLi\Connection->connect(false)
#2 C:\Users\ExtraPC\Downloads\Bayani-Midterm (1)\Nicle - Copy\system\Database\BaseConnection.php(620): CodeIgniter\Database\BaseConnection->initialize()
#3 C:\Users\ExtraPC\Downloads\Bayani-Midterm (1)\Nicle - Copy\system\Database\BaseBuilder.php(1649): CodeIgniter\Database\BaseConnection->query('SELECT 1\nFROM `...', Array, false)
#4 C:\Users\ExtraPC\Downloads\Bayani-Midterm (1)\Nicle - Copy\system\Validation\Rules.php(175): CodeIgniter\Database\BaseBuilder->get()
#5 C:\Users\ExtraPC\Downloads\Bayani-Midterm (1)\Nicle - Copy\system\Validation\StrictRules\Rules.php(187): CodeIgniter\Validation\Rules->is_unique('Piodosss', 'users.username', Array)
#6 C:\Users\ExtraPC\Downloads\Bayani-Midterm (1)\Nicle - Copy\system\Validation\Validation.php(337): CodeIgniter\Validation\StrictRules\Rules->is_unique('Piodosss', 'users.username', Array, NULL, 'username')
#7 C:\Users\ExtraPC\Downloads\Bayani-Midterm (1)\Nicle - Copy\system\Validation\Validation.php(202): CodeIgniter\Validation\Validation->processRules('username', 'username', 'Piodosss', Array, Array, 'username')
#8 C:\Users\ExtraPC\Downloads\Bayani-Midterm (1)\Nicle - Copy\system\Controller.php(138): CodeIgniter\Validation\Validation->run()
#9 C:\Users\ExtraPC\Downloads\Bayani-Midterm (1)\Nicle - Copy\app\Controllers\AuthController.php(29): CodeIgniter\Controller->validate(Array)
#10 C:\Users\ExtraPC\Downloads\Bayani-Midterm (1)\Nicle - Copy\system\CodeIgniter.php(933): App\Controllers\AuthController->store()
#11 C:\Users\ExtraPC\Downloads\Bayani-Midterm (1)\Nicle - Copy\system\CodeIgniter.php(507): CodeIgniter\CodeIgniter->runController(Object(App\Controllers\AuthController))
#12 C:\Users\ExtraPC\Downloads\Bayani-Midterm (1)\Nicle - Copy\system\CodeIgniter.php(354): CodeIgniter\CodeIgniter->handleRequest(NULL, Object(Config\Cache), false)
#13 C:\Users\ExtraPC\Downloads\Bayani-Midterm (1)\Nicle - Copy\system\Boot.php(334): CodeIgniter\CodeIgniter->run()
#14 C:\Users\ExtraPC\Downloads\Bayani-Midterm (1)\Nicle - Copy\system\Boot.php(67): CodeIgniter\Boot::runCodeIgniter(Object(CodeIgniter\CodeIgniter))
#15 C:\Users\ExtraPC\Downloads\Bayani-Midterm (1)\Nicle - Copy\public\index.php(56): CodeIgniter\Boot::bootWeb(Object(Config\Paths))
#16 C:\Users\ExtraPC\Downloads\Bayani-Midterm (1)\Nicle - Copy\system\rewrite.php(44): require_once('C:\\Users\\ExtraP...')
#17 {main}

Next CodeIgniter\Database\Exceptions\DatabaseException: Unknown database 'my_midterm_ias' in C:\Users\ExtraPC\Downloads\Bayani-Midterm (1)\Nicle - Copy\system\Database\MySQLi\Connection.php:246
Stack trace:
#0 C:\Users\ExtraPC\Downloads\Bayani-Midterm (1)\Nicle - Copy\system\Database\BaseConnection.php(421): CodeIgniter\Database\MySQLi\Connection->connect(false)
#1 C:\Users\ExtraPC\Downloads\Bayani-Midterm (1)\Nicle - Copy\system\Database\BaseConnection.php(620): CodeIgniter\Database\BaseConnection->initialize()
#2 C:\Users\ExtraPC\Downloads\Bayani-Midterm (1)\Nicle - Copy\system\Database\BaseBuilder.php(1649): CodeIgniter\Database\BaseConnection->query('SELECT 1\nFROM `...', Array, false)
#3 C:\Users\ExtraPC\Downloads\Bayani-Midterm (1)\Nicle - Copy\system\Validation\Rules.php(175): CodeIgniter\Database\BaseBuilder->get()
#4 C:\Users\ExtraPC\Downloads\Bayani-Midterm (1)\Nicle - Copy\system\Validation\StrictRules\Rules.php(187): CodeIgniter\Validation\Rules->is_unique('Piodosss', 'users.username', Array)
#5 C:\Users\ExtraPC\Downloads\Bayani-Midterm (1)\Nicle - Copy\system\Validation\Validation.php(337): CodeIgniter\Validation\StrictRules\Rules->is_unique('Piodosss', 'users.username', Array, NULL, 'username')
#6 C:\Users\ExtraPC\Downloads\Bayani-Midterm (1)\Nicle - Copy\system\Validation\Validation.php(202): CodeIgniter\Validation\Validation->processRules('username', 'username', 'Piodosss', Array, Array, 'username')
#7 C:\Users\ExtraPC\Downloads\Bayani-Midterm (1)\Nicle - Copy\system\Controller.php(138): CodeIgniter\Validation\Validation->run()
#8 C:\Users\ExtraPC\Downloads\Bayani-Midterm (1)\Nicle - Copy\app\Controllers\AuthController.php(29): CodeIgniter\Controller->validate(Array)
#9 C:\Users\ExtraPC\Downloads\Bayani-Midterm (1)\Nicle - Copy\system\CodeIgniter.php(933): App\Controllers\AuthController->store()
#10 C:\Users\ExtraPC\Downloads\Bayani-Midterm (1)\Nicle - Copy\system\CodeIgniter.php(507): CodeIgniter\CodeIgniter->runController(Object(App\Controllers\AuthController))
#11 C:\Users\ExtraPC\Downloads\Bayani-Midterm (1)\Nicle - Copy\system\CodeIgniter.php(354): CodeIgniter\CodeIgniter->handleRequest(NULL, Object(Config\Cache), false)
#12 C:\Users\ExtraPC\Downloads\Bayani-Midterm (1)\Nicle - Copy\system\Boot.php(334): CodeIgniter\CodeIgniter->run()
#13 C:\Users\ExtraPC\Downloads\Bayani-Midterm (1)\Nicle - Copy\system\Boot.php(67): CodeIgniter\Boot::runCodeIgniter(Object(CodeIgniter\CodeIgniter))
#14 C:\Users\ExtraPC\Downloads\Bayani-Midterm (1)\Nicle - Copy\public\index.php(56): CodeIgniter\Boot::bootWeb(Object(Config\Paths))
#15 C:\Users\ExtraPC\Downloads\Bayani-Midterm (1)\Nicle - Copy\system\rewrite.php(44): require_once('C:\\Users\\ExtraP...')
#16 {main}
CRITICAL - 2025-03-27 15:01:28 --> CodeIgniter\Database\Exceptions\DatabaseException: Unable to connect to the database.
Main connection [MySQLi]: Unknown database 'my_midterm_ias'
[Method: POST, Route: register]
in SYSTEMPATH\Database\BaseConnection.php on line 467.
 1 SYSTEMPATH\Database\BaseConnection.php(620): CodeIgniter\Database\BaseConnection->initialize()
 2 SYSTEMPATH\Database\BaseBuilder.php(1649): CodeIgniter\Database\BaseConnection->query('SELECT 1
FROM `users`
WHERE `username` = :username:
 LIMIT 1', [...], false)
 3 SYSTEMPATH\Validation\Rules.php(175): CodeIgniter\Database\BaseBuilder->get()
 4 SYSTEMPATH\Validation\StrictRules\Rules.php(187): CodeIgniter\Validation\Rules->is_unique('Piodosss', 'users.username', [...])
 5 SYSTEMPATH\Validation\Validation.php(337): CodeIgniter\Validation\StrictRules\Rules->is_unique('Piodosss', 'users.username', [...], null, 'username')
 6 SYSTEMPATH\Validation\Validation.php(202): CodeIgniter\Validation\Validation->processRules('username', 'username', 'Piodosss', [...], [...], 'username')
 7 SYSTEMPATH\Controller.php(138): CodeIgniter\Validation\Validation->run()
 8 APPPATH\Controllers\AuthController.php(29): CodeIgniter\Controller->validate([...])
 9 SYSTEMPATH\CodeIgniter.php(933): App\Controllers\AuthController->store()
10 SYSTEMPATH\CodeIgniter.php(507): CodeIgniter\CodeIgniter->runController(Object(App\Controllers\AuthController))
11 SYSTEMPATH\CodeIgniter.php(354): CodeIgniter\CodeIgniter->handleRequest(null, Object(Config\Cache), false)
12 SYSTEMPATH\Boot.php(334): CodeIgniter\CodeIgniter->run()
13 SYSTEMPATH\Boot.php(67): CodeIgniter\Boot::runCodeIgniter(Object(CodeIgniter\CodeIgniter))
14 FCPATH\index.php(56): CodeIgniter\Boot::bootWeb(Object(Config\Paths))
15 SYSTEMPATH\rewrite.php(44): require_once('C:\\Users\\ExtraPC\\Downloads\\Bayani-Midterm (1)\\Nicle - Copy\\public\\index.php')
DEBUG - 2025-03-27 15:03:54 --> Session: Class initialized using 'CodeIgniter\Session\Handlers\FileHandler' driver.
DEBUG - 2025-03-27 15:04:14 --> Session: Class initialized using 'CodeIgniter\Session\Handlers\FileHandler' driver.
DEBUG - 2025-03-27 15:05:06 --> Session: Class initialized using 'CodeIgniter\Session\Handlers\FileHandler' driver.
DEBUG - 2025-03-27 15:05:06 --> Session: Class initialized using 'CodeIgniter\Session\Handlers\FileHandler' driver.
DEBUG - 2025-03-27 15:05:09 --> Session: Class initialized using 'CodeIgniter\Session\Handlers\FileHandler' driver.
DEBUG - 2025-03-27 15:05:11 --> Session: Class initialized using 'CodeIgniter\Session\Handlers\FileHandler' driver.
DEBUG - 2025-03-27 15:52:09 --> Session: Class initialized using 'CodeIgniter\Session\Handlers\FileHandler' driver.
DEBUG - 2025-03-27 15:52:14 --> Session: Class initialized using 'CodeIgniter\Session\Handlers\FileHandler' driver.
DEBUG - 2025-03-27 15:52:14 --> Session: Class initialized using 'CodeIgniter\Session\Handlers\FileHandler' driver.
DEBUG - 2025-03-27 15:52:28 --> Session: Class initialized using 'CodeIgniter\Session\Handlers\FileHandler' driver.
DEBUG - 2025-03-27 15:52:31 --> Session: Class initialized using 'CodeIgniter\Session\Handlers\FileHandler' driver.
DEBUG - 2025-03-27 15:52:34 --> Session: Class initialized using 'CodeIgniter\Session\Handlers\FileHandler' driver.
