DEBUG - 2025-03-26 11:06:26 --> Session: Class initialized using 'CodeIgniter\Session\Handlers\FileHandler' driver.
DEBUG - 2025-03-26 11:06:36 --> Session: Class initialized using 'CodeIgniter\Session\Handlers\FileHandler' driver.
DEBUG - 2025-03-26 11:08:28 --> Session: Class initialized using 'CodeIgniter\Session\Handlers\FileHandler' driver.
DEBUG - 2025-03-26 11:09:47 --> Session: Class initialized using 'CodeIgniter\Session\Handlers\FileHandler' driver.
DEBUG - 2025-03-26 11:10:00 --> Session: Class initialized using 'CodeIgniter\Session\Handlers\FileHandler' driver.
DEBUG - 2025-03-26 11:10:05 --> Session: Class initialized using 'CodeIgniter\Session\Handlers\FileHandler' driver.
DEBUG - 2025-03-26 11:10:05 --> Session: Class initialized using 'CodeIgniter\Session\Handlers\FileHandler' driver.
DEBUG - 2025-03-26 11:10:08 --> Session: Class initialized using 'CodeIgniter\Session\Handlers\FileHandler' driver.
DEBUG - 2025-03-26 11:10:33 --> Session: Class initialized using 'CodeIgniter\Session\Handlers\FileHandler' driver.
DEBUG - 2025-03-26 11:12:44 --> Session: Class initialized using 'CodeIgniter\Session\Handlers\FileHandler' driver.
DEBUG - 2025-03-26 11:13:41 --> Session: Class initialized using 'CodeIgniter\Session\Handlers\FileHandler' driver.
DEBUG - 2025-03-26 11:14:26 --> Session: Class initialized using 'CodeIgniter\Session\Handlers\FileHandler' driver.
DEBUG - 2025-03-26 11:14:35 --> Session: Class initialized using 'CodeIgniter\Session\Handlers\FileHandler' driver.
DEBUG - 2025-03-26 11:14:42 --> Session: Class initialized using 'CodeIgniter\Session\Handlers\FileHandler' driver.
DEBUG - 2025-03-26 11:14:55 --> Session: Class initialized using 'CodeIgniter\Session\Handlers\FileHandler' driver.
DEBUG - 2025-03-26 11:14:56 --> Session: Class initialized using 'CodeIgniter\Session\Handlers\FileHandler' driver.
DEBUG - 2025-03-26 11:15:00 --> Session: Class initialized using 'CodeIgniter\Session\Handlers\FileHandler' driver.
DEBUG - 2025-03-26 11:15:10 --> Session: Class initialized using 'CodeIgniter\Session\Handlers\FileHandler' driver.
DEBUG - 2025-03-26 11:15:13 --> Session: Class initialized using 'CodeIgniter\Session\Handlers\FileHandler' driver.
DEBUG - 2025-03-26 11:21:13 --> Session: Class initialized using 'CodeIgniter\Session\Handlers\FileHandler' driver.
DEBUG - 2025-03-26 11:21:33 --> Session: Class initialized using 'CodeIgniter\Session\Handlers\FileHandler' driver.
DEBUG - 2025-03-26 11:25:22 --> Session: Class initialized using 'CodeIgniter\Session\Handlers\FileHandler' driver.
DEBUG - 2025-03-26 11:25:22 --> Session: Class initialized using 'CodeIgniter\Session\Handlers\FileHandler' driver.
DEBUG - 2025-03-26 11:25:24 --> Session: Class initialized using 'CodeIgniter\Session\Handlers\FileHandler' driver.
DEBUG - 2025-03-26 11:25:26 --> Session: Class initialized using 'CodeIgniter\Session\Handlers\FileHandler' driver.
DEBUG - 2025-03-26 11:26:41 --> Session: Class initialized using 'CodeIgniter\Session\Handlers\FileHandler' driver.
DEBUG - 2025-03-26 11:26:46 --> Session: Class initialized using 'CodeIgniter\Session\Handlers\FileHandler' driver.
DEBUG - 2025-03-26 11:26:54 --> Session: Class initialized using 'CodeIgniter\Session\Handlers\FileHandler' driver.
DEBUG - 2025-03-26 11:26:54 --> Session: Class initialized using 'CodeIgniter\Session\Handlers\FileHandler' driver.
DEBUG - 2025-03-26 11:26:57 --> Session: Class initialized using 'CodeIgniter\Session\Handlers\FileHandler' driver.
DEBUG - 2025-03-26 11:26:59 --> Session: Class initialized using 'CodeIgniter\Session\Handlers\FileHandler' driver.
ERROR - 2025-03-26 13:17:26 --> Error connecting to the database: mysqli_sql_exception: Unknown database 'midterm_exam' in C:\Users\ExtraPC\Downloads\Bayani-Midterm (1)\Bayani-Midterm\system\Database\MySQLi\Connection.php:201
Stack trace:
#0 C:\Users\ExtraPC\Downloads\Bayani-Midterm (1)\Bayani-Midterm\system\Database\MySQLi\Connection.php(201): mysqli->real_connect('localhost', 'root', Object(SensitiveParameterValue), 'midterm_exam', 3306, '', 0)
#1 C:\Users\ExtraPC\Downloads\Bayani-Midterm (1)\Bayani-Midterm\system\Database\BaseConnection.php(421): CodeIgniter\Database\MySQLi\Connection->connect(false)
#2 C:\Users\ExtraPC\Downloads\Bayani-Midterm (1)\Bayani-Midterm\system\Database\BaseConnection.php(620): CodeIgniter\Database\BaseConnection->initialize()
#3 C:\Users\ExtraPC\Downloads\Bayani-Midterm (1)\Bayani-Midterm\system\Database\BaseConnection.php(1525): CodeIgniter\Database\BaseConnection->query('SHOW TABLES FRO...')
#4 C:\Users\ExtraPC\Downloads\Bayani-Midterm (1)\Bayani-Midterm\system\Database\BaseConnection.php(1545): CodeIgniter\Database\BaseConnection->listTables()
#5 C:\Users\ExtraPC\Downloads\Bayani-Midterm (1)\Bayani-Midterm\system\Database\MigrationRunner.php(758): CodeIgniter\Database\BaseConnection->tableExists('migrations')
#6 C:\Users\ExtraPC\Downloads\Bayani-Midterm (1)\Bayani-Midterm\system\Database\MigrationRunner.php(162): CodeIgniter\Database\MigrationRunner->ensureTable()
#7 C:\Users\ExtraPC\Downloads\Bayani-Midterm (1)\Bayani-Midterm\system\Commands\Database\Migrate.php(85): CodeIgniter\Database\MigrationRunner->latest(NULL)
#8 C:\Users\ExtraPC\Downloads\Bayani-Midterm (1)\Bayani-Midterm\system\CLI\Commands.php(70): CodeIgniter\Commands\Database\Migrate->run(Array)
#9 C:\Users\ExtraPC\Downloads\Bayani-Midterm (1)\Bayani-Midterm\system\CLI\Console.php(48): CodeIgniter\CLI\Commands->run('migrate', Array)
#10 C:\Users\ExtraPC\Downloads\Bayani-Midterm (1)\Bayani-Midterm\system\Boot.php(360): CodeIgniter\CLI\Console->run()
#11 C:\Users\ExtraPC\Downloads\Bayani-Midterm (1)\Bayani-Midterm\system\Boot.php(104): CodeIgniter\Boot::runCommand(Object(CodeIgniter\CLI\Console))
#12 C:\Users\ExtraPC\Downloads\Bayani-Midterm (1)\Bayani-Midterm\spark(84): CodeIgniter\Boot::bootSpark(Object(Config\Paths))
#13 {main}

Next CodeIgniter\Database\Exceptions\DatabaseException: Unknown database 'midterm_exam' in C:\Users\ExtraPC\Downloads\Bayani-Midterm (1)\Bayani-Midterm\system\Database\MySQLi\Connection.php:246
Stack trace:
#0 C:\Users\ExtraPC\Downloads\Bayani-Midterm (1)\Bayani-Midterm\system\Database\BaseConnection.php(421): CodeIgniter\Database\MySQLi\Connection->connect(false)
#1 C:\Users\ExtraPC\Downloads\Bayani-Midterm (1)\Bayani-Midterm\system\Database\BaseConnection.php(620): CodeIgniter\Database\BaseConnection->initialize()
#2 C:\Users\ExtraPC\Downloads\Bayani-Midterm (1)\Bayani-Midterm\system\Database\BaseConnection.php(1525): CodeIgniter\Database\BaseConnection->query('SHOW TABLES FRO...')
#3 C:\Users\ExtraPC\Downloads\Bayani-Midterm (1)\Bayani-Midterm\system\Database\BaseConnection.php(1545): CodeIgniter\Database\BaseConnection->listTables()
#4 C:\Users\ExtraPC\Downloads\Bayani-Midterm (1)\Bayani-Midterm\system\Database\MigrationRunner.php(758): CodeIgniter\Database\BaseConnection->tableExists('migrations')
#5 C:\Users\ExtraPC\Downloads\Bayani-Midterm (1)\Bayani-Midterm\system\Database\MigrationRunner.php(162): CodeIgniter\Database\MigrationRunner->ensureTable()
#6 C:\Users\ExtraPC\Downloads\Bayani-Midterm (1)\Bayani-Midterm\system\Commands\Database\Migrate.php(85): CodeIgniter\Database\MigrationRunner->latest(NULL)
#7 C:\Users\ExtraPC\Downloads\Bayani-Midterm (1)\Bayani-Midterm\system\CLI\Commands.php(70): CodeIgniter\Commands\Database\Migrate->run(Array)
#8 C:\Users\ExtraPC\Downloads\Bayani-Midterm (1)\Bayani-Midterm\system\CLI\Console.php(48): CodeIgniter\CLI\Commands->run('migrate', Array)
#9 C:\Users\ExtraPC\Downloads\Bayani-Midterm (1)\Bayani-Midterm\system\Boot.php(360): CodeIgniter\CLI\Console->run()
#10 C:\Users\ExtraPC\Downloads\Bayani-Midterm (1)\Bayani-Midterm\system\Boot.php(104): CodeIgniter\Boot::runCommand(Object(CodeIgniter\CLI\Console))
#11 C:\Users\ExtraPC\Downloads\Bayani-Midterm (1)\Bayani-Midterm\spark(84): CodeIgniter\Boot::bootSpark(Object(Config\Paths))
#12 {main}
DEBUG - 2025-03-26 13:32:06 --> Session: Class initialized using 'CodeIgniter\Session\Handlers\FileHandler' driver.
DEBUG - 2025-03-26 13:32:38 --> Session: Class initialized using 'CodeIgniter\Session\Handlers\FileHandler' driver.
DEBUG - 2025-03-26 13:33:16 --> Session: Class initialized using 'CodeIgniter\Session\Handlers\FileHandler' driver.
DEBUG - 2025-03-26 13:33:32 --> Session: Class initialized using 'CodeIgniter\Session\Handlers\FileHandler' driver.
DEBUG - 2025-03-26 13:33:52 --> Session: Class initialized using 'CodeIgniter\Session\Handlers\FileHandler' driver.
DEBUG - 2025-03-26 13:34:00 --> Session: Class initialized using 'CodeIgniter\Session\Handlers\FileHandler' driver.
DEBUG - 2025-03-26 13:34:00 --> Session: Class initialized using 'CodeIgniter\Session\Handlers\FileHandler' driver.
DEBUG - 2025-03-26 13:40:30 --> Session: Class initialized using 'CodeIgniter\Session\Handlers\FileHandler' driver.
DEBUG - 2025-03-26 13:40:37 --> Session: Class initialized using 'CodeIgniter\Session\Handlers\FileHandler' driver.
DEBUG - 2025-03-26 14:39:10 --> Session: Class initialized using 'CodeIgniter\Session\Handlers\FileHandler' driver.
DEBUG - 2025-03-26 14:41:10 --> Session: Class initialized using 'CodeIgniter\Session\Handlers\FileHandler' driver.
DEBUG - 2025-03-26 14:41:24 --> Session: Class initialized using 'CodeIgniter\Session\Handlers\FileHandler' driver.
DEBUG - 2025-03-26 14:41:24 --> Session: Class initialized using 'CodeIgniter\Session\Handlers\FileHandler' driver.
DEBUG - 2025-03-26 14:41:27 --> Session: Class initialized using 'CodeIgniter\Session\Handlers\FileHandler' driver.
DEBUG - 2025-03-26 14:41:29 --> Session: Class initialized using 'CodeIgniter\Session\Handlers\FileHandler' driver.
ERROR - 2025-03-26 15:17:29 --> Error connecting to the database: mysqli_sql_exception: Unknown database 'nicle_ias' in C:\Users\ExtraPC\Downloads\Bayani-Midterm (1)\Beltran_joahnna\system\Database\MySQLi\Connection.php:201
Stack trace:
#0 C:\Users\ExtraPC\Downloads\Bayani-Midterm (1)\Beltran_joahnna\system\Database\MySQLi\Connection.php(201): mysqli->real_connect('localhost', 'root', Object(SensitiveParameterValue), 'nicle_ias', 3306, '', 0)
#1 C:\Users\ExtraPC\Downloads\Bayani-Midterm (1)\Beltran_joahnna\system\Database\BaseConnection.php(421): CodeIgniter\Database\MySQLi\Connection->connect(false)
#2 C:\Users\ExtraPC\Downloads\Bayani-Midterm (1)\Beltran_joahnna\system\Database\BaseConnection.php(620): CodeIgniter\Database\BaseConnection->initialize()
#3 C:\Users\ExtraPC\Downloads\Bayani-Midterm (1)\Beltran_joahnna\system\Database\BaseBuilder.php(1649): CodeIgniter\Database\BaseConnection->query('SELECT 1\nFROM `...', Array, false)
#4 C:\Users\ExtraPC\Downloads\Bayani-Midterm (1)\Beltran_joahnna\system\Validation\Rules.php(175): CodeIgniter\Database\BaseBuilder->get()
#5 C:\Users\ExtraPC\Downloads\Bayani-Midterm (1)\Beltran_joahnna\system\Validation\StrictRules\Rules.php(187): CodeIgniter\Validation\Rules->is_unique('marynicle@gmail...', 'users.email', Array)
#6 C:\Users\ExtraPC\Downloads\Bayani-Midterm (1)\Beltran_joahnna\system\Validation\Validation.php(337): CodeIgniter\Validation\StrictRules\Rules->is_unique('marynicle@gmail...', 'users.email', Array, NULL, 'email')
#7 C:\Users\ExtraPC\Downloads\Bayani-Midterm (1)\Beltran_joahnna\system\Validation\Validation.php(202): CodeIgniter\Validation\Validation->processRules('email', 'email', 'marynicle@gmail...', Array, Array, 'email')
#8 C:\Users\ExtraPC\Downloads\Bayani-Midterm (1)\Beltran_joahnna\system\Controller.php(138): CodeIgniter\Validation\Validation->run()
#9 C:\Users\ExtraPC\Downloads\Bayani-Midterm (1)\Beltran_joahnna\app\Controllers\AuthController.php(29): CodeIgniter\Controller->validate(Array)
#10 C:\Users\ExtraPC\Downloads\Bayani-Midterm (1)\Beltran_joahnna\system\CodeIgniter.php(933): App\Controllers\AuthController->store()
#11 C:\Users\ExtraPC\Downloads\Bayani-Midterm (1)\Beltran_joahnna\system\CodeIgniter.php(507): CodeIgniter\CodeIgniter->runController(Object(App\Controllers\AuthController))
#12 C:\Users\ExtraPC\Downloads\Bayani-Midterm (1)\Beltran_joahnna\system\CodeIgniter.php(354): CodeIgniter\CodeIgniter->handleRequest(NULL, Object(Config\Cache), false)
#13 C:\Users\ExtraPC\Downloads\Bayani-Midterm (1)\Beltran_joahnna\system\Boot.php(334): CodeIgniter\CodeIgniter->run()
#14 C:\Users\ExtraPC\Downloads\Bayani-Midterm (1)\Beltran_joahnna\system\Boot.php(67): CodeIgniter\Boot::runCodeIgniter(Object(CodeIgniter\CodeIgniter))
#15 C:\Users\ExtraPC\Downloads\Bayani-Midterm (1)\Beltran_joahnna\public\index.php(56): CodeIgniter\Boot::bootWeb(Object(Config\Paths))
#16 C:\Users\ExtraPC\Downloads\Bayani-Midterm (1)\Beltran_joahnna\system\rewrite.php(44): require_once('C:\\Users\\ExtraP...')
#17 {main}

Next CodeIgniter\Database\Exceptions\DatabaseException: Unknown database 'nicle_ias' in C:\Users\ExtraPC\Downloads\Bayani-Midterm (1)\Beltran_joahnna\system\Database\MySQLi\Connection.php:246
Stack trace:
#0 C:\Users\ExtraPC\Downloads\Bayani-Midterm (1)\Beltran_joahnna\system\Database\BaseConnection.php(421): CodeIgniter\Database\MySQLi\Connection->connect(false)
#1 C:\Users\ExtraPC\Downloads\Bayani-Midterm (1)\Beltran_joahnna\system\Database\BaseConnection.php(620): CodeIgniter\Database\BaseConnection->initialize()
#2 C:\Users\ExtraPC\Downloads\Bayani-Midterm (1)\Beltran_joahnna\system\Database\BaseBuilder.php(1649): CodeIgniter\Database\BaseConnection->query('SELECT 1\nFROM `...', Array, false)
#3 C:\Users\ExtraPC\Downloads\Bayani-Midterm (1)\Beltran_joahnna\system\Validation\Rules.php(175): CodeIgniter\Database\BaseBuilder->get()
#4 C:\Users\ExtraPC\Downloads\Bayani-Midterm (1)\Beltran_joahnna\system\Validation\StrictRules\Rules.php(187): CodeIgniter\Validation\Rules->is_unique('marynicle@gmail...', 'users.email', Array)
#5 C:\Users\ExtraPC\Downloads\Bayani-Midterm (1)\Beltran_joahnna\system\Validation\Validation.php(337): CodeIgniter\Validation\StrictRules\Rules->is_unique('marynicle@gmail...', 'users.email', Array, NULL, 'email')
#6 C:\Users\ExtraPC\Downloads\Bayani-Midterm (1)\Beltran_joahnna\system\Validation\Validation.php(202): CodeIgniter\Validation\Validation->processRules('email', 'email', 'marynicle@gmail...', Array, Array, 'email')
#7 C:\Users\ExtraPC\Downloads\Bayani-Midterm (1)\Beltran_joahnna\system\Controller.php(138): CodeIgniter\Validation\Validation->run()
#8 C:\Users\ExtraPC\Downloads\Bayani-Midterm (1)\Beltran_joahnna\app\Controllers\AuthController.php(29): CodeIgniter\Controller->validate(Array)
#9 C:\Users\ExtraPC\Downloads\Bayani-Midterm (1)\Beltran_joahnna\system\CodeIgniter.php(933): App\Controllers\AuthController->store()
#10 C:\Users\ExtraPC\Downloads\Bayani-Midterm (1)\Beltran_joahnna\system\CodeIgniter.php(507): CodeIgniter\CodeIgniter->runController(Object(App\Controllers\AuthController))
#11 C:\Users\ExtraPC\Downloads\Bayani-Midterm (1)\Beltran_joahnna\system\CodeIgniter.php(354): CodeIgniter\CodeIgniter->handleRequest(NULL, Object(Config\Cache), false)
#12 C:\Users\ExtraPC\Downloads\Bayani-Midterm (1)\Beltran_joahnna\system\Boot.php(334): CodeIgniter\CodeIgniter->run()
#13 C:\Users\ExtraPC\Downloads\Bayani-Midterm (1)\Beltran_joahnna\system\Boot.php(67): CodeIgniter\Boot::runCodeIgniter(Object(CodeIgniter\CodeIgniter))
#14 C:\Users\ExtraPC\Downloads\Bayani-Midterm (1)\Beltran_joahnna\public\index.php(56): CodeIgniter\Boot::bootWeb(Object(Config\Paths))
#15 C:\Users\ExtraPC\Downloads\Bayani-Midterm (1)\Beltran_joahnna\system\rewrite.php(44): require_once('C:\\Users\\ExtraP...')
#16 {main}
CRITICAL - 2025-03-26 15:17:29 --> CodeIgniter\Database\Exceptions\DatabaseException: Unable to connect to the database.
Main connection [MySQLi]: Unknown database 'nicle_ias'
[Method: POST, Route: register]
in SYSTEMPATH\Database\BaseConnection.php on line 467.
 1 SYSTEMPATH\Database\BaseConnection.php(620): CodeIgniter\Database\BaseConnection->initialize()
 2 SYSTEMPATH\Database\BaseBuilder.php(1649): CodeIgniter\Database\BaseConnection->query('SELECT 1
FROM `users`
WHERE `email` = :email:
 LIMIT 1', [...], false)
 3 SYSTEMPATH\Validation\Rules.php(175): CodeIgniter\Database\BaseBuilder->get()
 4 SYSTEMPATH\Validation\StrictRules\Rules.php(187): CodeIgniter\Validation\Rules->is_unique('marynicle@gmail.com', 'users.email', [...])
 5 SYSTEMPATH\Validation\Validation.php(337): CodeIgniter\Validation\StrictRules\Rules->is_unique('marynicle@gmail.com', 'users.email', [...], null, 'email')
 6 SYSTEMPATH\Validation\Validation.php(202): CodeIgniter\Validation\Validation->processRules('email', 'email', 'marynicle@gmail.com', [...], [...], 'email')
 7 SYSTEMPATH\Controller.php(138): CodeIgniter\Validation\Validation->run()
 8 APPPATH\Controllers\AuthController.php(29): CodeIgniter\Controller->validate([...])
 9 SYSTEMPATH\CodeIgniter.php(933): App\Controllers\AuthController->store()
10 SYSTEMPATH\CodeIgniter.php(507): CodeIgniter\CodeIgniter->runController(Object(App\Controllers\AuthController))
11 SYSTEMPATH\CodeIgniter.php(354): CodeIgniter\CodeIgniter->handleRequest(null, Object(Config\Cache), false)
12 SYSTEMPATH\Boot.php(334): CodeIgniter\CodeIgniter->run()
13 SYSTEMPATH\Boot.php(67): CodeIgniter\Boot::runCodeIgniter(Object(CodeIgniter\CodeIgniter))
14 FCPATH\index.php(56): CodeIgniter\Boot::bootWeb(Object(Config\Paths))
15 SYSTEMPATH\rewrite.php(44): require_once('C:\\Users\\ExtraPC\\Downloads\\Bayani-Midterm (1)\\Beltran_joahnna\\public\\index.php')
DEBUG - 2025-03-26 15:18:03 --> Session: Class initialized using 'CodeIgniter\Session\Handlers\FileHandler' driver.
DEBUG - 2025-03-26 15:18:25 --> Session: Class initialized using 'CodeIgniter\Session\Handlers\FileHandler' driver.
DEBUG - 2025-03-26 15:21:00 --> Session: Class initialized using 'CodeIgniter\Session\Handlers\FileHandler' driver.
DEBUG - 2025-03-26 15:21:01 --> Session: Class initialized using 'CodeIgniter\Session\Handlers\FileHandler' driver.
DEBUG - 2025-03-26 15:21:04 --> Session: Class initialized using 'CodeIgniter\Session\Handlers\FileHandler' driver.
DEBUG - 2025-03-26 15:21:06 --> Session: Class initialized using 'CodeIgniter\Session\Handlers\FileHandler' driver.
